Release 14.7 - ngc2edif P.20131013 (nt)
Copyright (c) 1995-2013 Xilinx, Inc.  All rights reserved.
Reading design top_level.ngc ...
WARNING:NetListWriters:298 - No output is written to top_level.xncf, ignored.
Processing design ...
   Preping design's networks ...
   Preping design's macros ...
  finished :Prep
Writing EDIF netlist file top_level.edif ...
ngc2edif: Total memory usage is 78248 kilobytes

Release 14.7 - ngc2edif P.20131013 (nt)
Copyright (c) 1995-2013 Xilinx, Inc.  All rights reserved.
Reading design ip_ram_output_code.ngc ...
WARNING:NetListWriters:298 - No output is written to ip_ram_output_code.xncf,
   ignored.
Processing design ...
   Preping design's networks ...
   Preping design's macros ...
  finished :Prep
Writing EDIF netlist file ip_ram_output_code.edif ...
ngc2edif: Total memory usage is 77800 kilobytes

Release 14.7 - ngc2edif P.20131013 (nt)
Copyright (c) 1995-2013 Xilinx, Inc.  All rights reserved.
Reading design ip_rom_input_code.ngc ...
WARNING:NetListWriters:298 - No output is written to ip_rom_input_code.xncf,
   ignored.
Processing design ...
   Preping design's networks ...
   Preping design's macros ...
  finished :Prep
Writing EDIF netlist file ip_rom_input_code.edif ...
ngc2edif: Total memory usage is 78056 kilobytes

